{"level":"info","message":"Attempting to connect to MongoDB","service":"nexus-ecommerce","timestamp":"2025-11-11T08:18:03.669Z"}
{"level":"info","message":"Environment:","service":"nexus-ecommerce","timestamp":"2025-11-11T08:18:03.676Z"}
{"level":"info","message":"Checking for build directory at:","service":"nexus-ecommerce","timestamp":"2025-11-11T08:18:18.617Z"}
{"level":"info","message":"Build directory found, serving static files","service":"nexus-ecommerce","timestamp":"2025-11-11T08:18:18.618Z"}
{"level":"info","message":"Server running on port 5000","service":"nexus-ecommerce","timestamp":"2025-11-11T08:18:18.625Z"}
{"level":"error","message":"Error connecting to MongoDB: Could not connect to any servers in your MongoDB Atlas cluster. One common reason is that you're trying to access the database from an IP that isn't whitelisted. Make sure your current IP address is on your Atlas cluster's IP whitelist: https://www.mongodb.com/docs/atlas/security-whitelist/","service":"nexus-ecommerce","timestamp":"2025-11-11T08:18:48.811Z"}
{"level":"info","message":"Attempting to connect to MongoDB","service":"nexus-ecommerce","timestamp":"2025-11-11T08:21:00.578Z"}
{"level":"info","message":"Environment:","service":"nexus-ecommerce","timestamp":"2025-11-11T08:21:00.585Z"}
{"level":"info","message":"Checking for build directory at:","service":"nexus-ecommerce","timestamp":"2025-11-11T08:21:01.419Z"}
{"level":"info","message":"Build directory found, serving static files","service":"nexus-ecommerce","timestamp":"2025-11-11T08:21:01.420Z"}
{"level":"info","message":"Server running on port 5000","service":"nexus-ecommerce","timestamp":"2025-11-11T08:21:01.428Z"}
{"level":"info","message":"MongoDB Connected: ac-lpuzls0-shard-00-00.vp5ywmd.mongodb.net","service":"nexus-ecommerce","timestamp":"2025-11-11T08:21:03.037Z"}
{"level":"info","message":"Attempting to connect to MongoDB","service":"nexus-ecommerce","timestamp":"2025-11-11T08:21:19.403Z"}
{"level":"info","message":"Environment:","service":"nexus-ecommerce","timestamp":"2025-11-11T08:21:19.409Z"}
{"level":"info","message":"Checking for build directory at:","service":"nexus-ecommerce","timestamp":"2025-11-11T08:21:20.034Z"}
{"level":"info","message":"Build directory found, serving static files","service":"nexus-ecommerce","timestamp":"2025-11-11T08:21:20.035Z"}
{"level":"info","message":"Server running on port 5000","service":"nexus-ecommerce","timestamp":"2025-11-11T08:21:20.042Z"}
{"level":"info","message":"MongoDB Connected: ac-lpuzls0-shard-00-02.vp5ywmd.mongodb.net","service":"nexus-ecommerce","timestamp":"2025-11-11T08:21:21.088Z"}
{"level":"info","message":"Attempting to connect to MongoDB","service":"nexus-ecommerce","timestamp":"2025-11-11T14:52:01.657Z"}
{"level":"info","message":"Environment:","service":"nexus-ecommerce","timestamp":"2025-11-11T14:52:01.663Z"}
{"level":"info","message":"Checking for build directory at:","service":"nexus-ecommerce","timestamp":"2025-11-11T14:52:17.498Z"}
{"level":"info","message":"Build directory found, serving static files","service":"nexus-ecommerce","timestamp":"2025-11-11T14:52:17.498Z"}
{"level":"info","message":"Server running on port 5000","service":"nexus-ecommerce","timestamp":"2025-11-11T14:52:17.506Z"}
{"level":"info","message":"MongoDB Connected: ac-lpuzls0-shard-00-02.vp5ywmd.mongodb.net","service":"nexus-ecommerce","timestamp":"2025-11-11T14:52:19.692Z"}
{"level":"info","message":"Attempting to connect to MongoDB","service":"nexus-ecommerce","timestamp":"2025-11-11T14:55:23.607Z"}
{"level":"info","message":"Environment:","service":"nexus-ecommerce","timestamp":"2025-11-11T14:55:23.613Z"}
{"level":"info","message":"Checking for build directory at:","service":"nexus-ecommerce","timestamp":"2025-11-11T14:55:24.417Z"}
{"level":"info","message":"Build directory found, serving static files","service":"nexus-ecommerce","timestamp":"2025-11-11T14:55:24.418Z"}
{"level":"info","message":"Server running on port 5000","service":"nexus-ecommerce","timestamp":"2025-11-11T14:55:24.426Z"}
{"level":"info","message":"MongoDB Connected: ac-lpuzls0-shard-00-02.vp5ywmd.mongodb.net","service":"nexus-ecommerce","timestamp":"2025-11-11T14:55:25.382Z"}
{"level":"info","message":"Fetching products - page: 1, keyword: none","service":"nexus-ecommerce","timestamp":"2025-11-11T15:01:22.041Z"}
{"level":"info","message":"Successfully fetched 0 products","service":"nexus-ecommerce","timestamp":"2025-11-11T15:01:22.250Z"}
{"level":"info","message":"Fetching products - page: 1, keyword: none","service":"nexus-ecommerce","timestamp":"2025-11-11T15:01:22.277Z"}
{"level":"info","message":"Successfully fetched 0 products","service":"nexus-ecommerce","timestamp":"2025-11-11T15:01:22.456Z"}
{"level":"info","message":"Fetching products - page: 1, keyword: none","service":"nexus-ecommerce","timestamp":"2025-11-11T15:18:40.282Z"}
{"level":"info","message":"Successfully fetched 0 products","service":"nexus-ecommerce","timestamp":"2025-11-11T15:18:40.470Z"}
{"level":"info","message":"Fetching products - page: 1, keyword: none","service":"nexus-ecommerce","timestamp":"2025-11-11T15:18:40.492Z"}
{"level":"info","message":"Successfully fetched 0 products","service":"nexus-ecommerce","timestamp":"2025-11-11T15:18:40.674Z"}
{"level":"info","message":"Fetching products - page: 1, keyword: none","service":"nexus-ecommerce","timestamp":"2025-11-11T15:18:44.211Z"}
{"level":"info","message":"Successfully fetched 0 products","service":"nexus-ecommerce","timestamp":"2025-11-11T15:18:44.368Z"}
{"level":"info","message":"Fetching products - page: 1, keyword: none","service":"nexus-ecommerce","timestamp":"2025-11-11T15:18:44.375Z"}
{"level":"info","message":"Successfully fetched 0 products","service":"nexus-ecommerce","timestamp":"2025-11-11T15:18:44.528Z"}
{"level":"info","message":"Fetching products - page: 1, keyword: none","service":"nexus-ecommerce","timestamp":"2025-11-11T15:29:14.237Z"}
{"level":"info","message":"Successfully fetched 0 products","service":"nexus-ecommerce","timestamp":"2025-11-11T15:29:14.401Z"}
{"level":"info","message":"Fetching products - page: 1, keyword: none","service":"nexus-ecommerce","timestamp":"2025-11-11T15:29:14.406Z"}
{"level":"info","message":"Successfully fetched 0 products","service":"nexus-ecommerce","timestamp":"2025-11-11T15:29:14.561Z"}
{"level":"info","message":"Fetching products - page: 1, keyword: none","service":"nexus-ecommerce","timestamp":"2025-11-11T15:31:30.463Z"}
{"level":"info","message":"Successfully fetched 0 products","service":"nexus-ecommerce","timestamp":"2025-11-11T15:31:30.620Z"}
{"level":"info","message":"Fetching products - page: 1, keyword: none","service":"nexus-ecommerce","timestamp":"2025-11-11T15:31:30.669Z"}
{"level":"info","message":"Successfully fetched 0 products","service":"nexus-ecommerce","timestamp":"2025-11-11T15:31:30.901Z"}
{"level":"info","message":"Fetching products - page: 1, keyword: none","service":"nexus-ecommerce","timestamp":"2025-11-11T15:51:26.639Z"}
{"level":"info","message":"Successfully fetched 0 products","service":"nexus-ecommerce","timestamp":"2025-11-11T15:51:26.831Z"}
{"level":"info","message":"Fetching products - page: 1, keyword: none","service":"nexus-ecommerce","timestamp":"2025-11-11T15:51:26.854Z"}
{"level":"info","message":"Successfully fetched 0 products","service":"nexus-ecommerce","timestamp":"2025-11-11T15:51:27.030Z"}
{"level":"info","message":"Fetching products - page: 1, keyword: none","service":"nexus-ecommerce","timestamp":"2025-11-11T15:51:32.923Z"}
{"level":"info","message":"Successfully fetched 0 products","service":"nexus-ecommerce","timestamp":"2025-11-11T15:51:33.074Z"}
{"level":"info","message":"Fetching products - page: 1, keyword: none","service":"nexus-ecommerce","timestamp":"2025-11-11T15:51:33.080Z"}
{"level":"info","message":"Successfully fetched 0 products","service":"nexus-ecommerce","timestamp":"2025-11-11T15:51:33.271Z"}
{"level":"info","message":"Fetching products - page: 1, keyword: none","service":"nexus-ecommerce","timestamp":"2025-11-11T15:51:50.609Z"}
{"level":"info","message":"Successfully fetched 0 products","service":"nexus-ecommerce","timestamp":"2025-11-11T15:51:50.756Z"}
{"level":"info","message":"Fetching products - page: 1, keyword: none","service":"nexus-ecommerce","timestamp":"2025-11-11T15:51:50.768Z"}
{"level":"info","message":"Successfully fetched 0 products","service":"nexus-ecommerce","timestamp":"2025-11-11T15:51:50.937Z"}
{"level":"info","message":"Fetching products - page: 1, keyword: none","service":"nexus-ecommerce","timestamp":"2025-11-11T15:51:53.138Z"}
{"level":"info","message":"Successfully fetched 0 products","service":"nexus-ecommerce","timestamp":"2025-11-11T15:51:53.699Z"}
{"level":"info","message":"Fetching products - page: 1, keyword: none","service":"nexus-ecommerce","timestamp":"2025-11-11T15:51:53.713Z"}
{"level":"info","message":"Successfully fetched 0 products","service":"nexus-ecommerce","timestamp":"2025-11-11T15:51:53.890Z"}
{"level":"info","message":"Fetching products - page: 1, keyword: none","service":"nexus-ecommerce","timestamp":"2025-11-11T15:51:53.963Z"}
{"level":"info","message":"Successfully fetched 0 products","service":"nexus-ecommerce","timestamp":"2025-11-11T15:51:54.124Z"}
{"level":"info","message":"Fetching products - page: 1, keyword: none","service":"nexus-ecommerce","timestamp":"2025-11-11T15:51:54.149Z"}
{"level":"info","message":"Successfully fetched 0 products","service":"nexus-ecommerce","timestamp":"2025-11-11T15:51:54.315Z"}
{"level":"info","message":"Fetching products - page: 1, keyword: none","service":"nexus-ecommerce","timestamp":"2025-11-11T15:51:54.415Z"}
{"level":"info","message":"Successfully fetched 0 products","service":"nexus-ecommerce","timestamp":"2025-11-11T15:51:54.651Z"}
{"level":"info","message":"Fetching products - page: 1, keyword: none","service":"nexus-ecommerce","timestamp":"2025-11-11T15:51:54.659Z"}
{"level":"info","message":"Successfully fetched 0 products","service":"nexus-ecommerce","timestamp":"2025-11-11T15:51:54.833Z"}
{"level":"info","message":"Fetching products - page: 1, keyword: none","service":"nexus-ecommerce","timestamp":"2025-11-11T16:24:39.904Z"}
{"level":"info","message":"Successfully fetched 0 products","service":"nexus-ecommerce","timestamp":"2025-11-11T16:24:40.220Z"}
{"level":"info","message":"Fetching products - page: 1, keyword: none","service":"nexus-ecommerce","timestamp":"2025-11-11T16:24:40.226Z"}
{"level":"info","message":"Successfully fetched 0 products","service":"nexus-ecommerce","timestamp":"2025-11-11T16:24:40.404Z"}
{"level":"info","message":"Fetching products - page: 1, keyword: none","service":"nexus-ecommerce","timestamp":"2025-11-11T16:25:58.363Z"}
{"level":"info","message":"Successfully fetched 0 products","service":"nexus-ecommerce","timestamp":"2025-11-11T16:25:58.533Z"}
{"level":"info","message":"Fetching products - page: 1, keyword: none","service":"nexus-ecommerce","timestamp":"2025-11-11T16:25:58.539Z"}
{"level":"info","message":"Successfully fetched 0 products","service":"nexus-ecommerce","timestamp":"2025-11-11T16:25:58.716Z"}
{"level":"info","message":"Fetching products - page: 1, keyword: none","service":"nexus-ecommerce","timestamp":"2025-11-11T16:27:40.819Z"}
{"level":"info","message":"Successfully fetched 0 products","service":"nexus-ecommerce","timestamp":"2025-11-11T16:27:41.000Z"}
{"level":"info","message":"Fetching products - page: 1, keyword: none","service":"nexus-ecommerce","timestamp":"2025-11-11T16:27:41.007Z"}
{"level":"info","message":"Successfully fetched 0 products","service":"nexus-ecommerce","timestamp":"2025-11-11T16:27:41.193Z"}
{"level":"info","message":"Fetching products - page: 1, keyword: none","service":"nexus-ecommerce","timestamp":"2025-11-11T16:33:23.219Z"}
{"level":"info","message":"Successfully fetched 0 products","service":"nexus-ecommerce","timestamp":"2025-11-11T16:33:23.389Z"}
{"level":"info","message":"Fetching products - page: 1, keyword: none","service":"nexus-ecommerce","timestamp":"2025-11-11T16:33:23.395Z"}
{"level":"info","message":"Successfully fetched 0 products","service":"nexus-ecommerce","timestamp":"2025-11-11T16:33:23.570Z"}
{"level":"info","message":"Fetching products - page: 1, keyword: none","service":"nexus-ecommerce","timestamp":"2025-11-11T17:11:54.313Z"}
{"level":"info","message":"Successfully fetched 0 products","service":"nexus-ecommerce","timestamp":"2025-11-11T17:11:55.484Z"}
{"level":"info","message":"Fetching products - page: 1, keyword: none","service":"nexus-ecommerce","timestamp":"2025-11-11T17:11:55.499Z"}
{"level":"info","message":"Successfully fetched 0 products","service":"nexus-ecommerce","timestamp":"2025-11-11T17:11:55.649Z"}
{"level":"info","message":"Fetching products - page: 1, keyword: none","service":"nexus-ecommerce","timestamp":"2025-11-11T17:22:10.781Z"}
{"level":"info","message":"Successfully fetched 0 products","service":"nexus-ecommerce","timestamp":"2025-11-11T17:22:11.309Z"}
{"level":"info","message":"Fetching products - page: 1, keyword: none","service":"nexus-ecommerce","timestamp":"2025-11-11T17:22:11.321Z"}
{"level":"info","message":"Successfully fetched 0 products","service":"nexus-ecommerce","timestamp":"2025-11-11T17:22:11.485Z"}
{"level":"info","message":"Fetching products - page: 1, keyword: none","service":"nexus-ecommerce","timestamp":"2025-11-11T17:26:22.191Z"}
{"level":"info","message":"Successfully fetched 0 products","service":"nexus-ecommerce","timestamp":"2025-11-11T17:26:22.367Z"}
{"level":"info","message":"Fetching products - page: 1, keyword: none","service":"nexus-ecommerce","timestamp":"2025-11-11T17:26:22.372Z"}
{"level":"info","message":"Successfully fetched 0 products","service":"nexus-ecommerce","timestamp":"2025-11-11T17:26:22.523Z"}
{"level":"info","message":"Fetching products - page: 1, keyword: none","service":"nexus-ecommerce","timestamp":"2025-11-11T17:28:08.199Z"}
{"level":"info","message":"Successfully fetched 0 products","service":"nexus-ecommerce","timestamp":"2025-11-11T17:28:08.366Z"}
{"level":"info","message":"Fetching products - page: 1, keyword: none","service":"nexus-ecommerce","timestamp":"2025-11-11T17:28:08.472Z"}
{"level":"info","message":"Successfully fetched 0 products","service":"nexus-ecommerce","timestamp":"2025-11-11T17:28:08.653Z"}
{"level":"info","message":"Fetching products - page: 1, keyword: none","service":"nexus-ecommerce","timestamp":"2025-11-11T17:43:45.428Z"}
{"level":"info","message":"Successfully fetched 0 products","service":"nexus-ecommerce","timestamp":"2025-11-11T17:43:45.619Z"}
{"level":"info","message":"Fetching products - page: 1, keyword: none","service":"nexus-ecommerce","timestamp":"2025-11-11T17:43:45.625Z"}
{"level":"info","message":"Successfully fetched 0 products","service":"nexus-ecommerce","timestamp":"2025-11-11T17:43:45.802Z"}
{"level":"info","message":"Fetching products - page: 1, keyword: none","service":"nexus-ecommerce","timestamp":"2025-11-11T17:45:31.449Z"}
{"level":"info","message":"Successfully fetched 0 products","service":"nexus-ecommerce","timestamp":"2025-11-11T17:45:31.612Z"}
{"level":"info","message":"Fetching products - page: 1, keyword: none","service":"nexus-ecommerce","timestamp":"2025-11-11T17:45:31.617Z"}
{"level":"info","message":"Successfully fetched 0 products","service":"nexus-ecommerce","timestamp":"2025-11-11T17:45:31.773Z"}
{"level":"info","message":"Fetching products - page: 1, keyword: none","service":"nexus-ecommerce","timestamp":"2025-11-11T18:09:21.111Z"}
{"level":"info","message":"Successfully fetched 0 products","service":"nexus-ecommerce","timestamp":"2025-11-11T18:09:21.447Z"}
{"level":"info","message":"Fetching products - page: 1, keyword: none","service":"nexus-ecommerce","timestamp":"2025-11-11T18:09:21.455Z"}
{"level":"info","message":"Successfully fetched 0 products","service":"nexus-ecommerce","timestamp":"2025-11-11T18:09:21.596Z"}
{"level":"info","message":"Attempting to authenticate user with email: soumyamajumder201817@gmail.com","service":"nexus-ecommerce","timestamp":"2025-11-11T18:48:11.233Z"}
{"level":"warn","message":"Authentication failed for email: soumyamajumder201817@gmail.com","service":"nexus-ecommerce","timestamp":"2025-11-11T18:48:11.814Z"}
{"level":"error","message":"Authentication error for email: soumyamajumder201817@gmail.com Invalid email or password","service":"nexus-ecommerce","stack":"Error: Invalid email or password\n    at H:\\My Learning\\Projects\\MERN\\Nexus-ecommerce\\server\\controllers\\userController.js:81:13\n    at process.processTicksAndRejections (node:internal/process/task_queues:105:5)","timestamp":"2025-11-11T18:48:11.832Z"}
{"level":"error","message":"Unhandled error: Invalid email or password","service":"nexus-ecommerce","stack":"Error: Invalid email or password\n    at H:\\My Learning\\Projects\\MERN\\Nexus-ecommerce\\server\\controllers\\userController.js:81:13\n    at process.processTicksAndRejections (node:internal/process/task_queues:105:5)","timestamp":"2025-11-11T18:48:11.874Z"}
{"level":"info","message":"Attempting to authenticate user with email: admin@example.com","service":"nexus-ecommerce","timestamp":"2025-11-11T18:48:32.744Z"}
{"level":"warn","message":"Authentication failed for email: admin@example.com","service":"nexus-ecommerce","timestamp":"2025-11-11T18:48:32.820Z"}
{"level":"error","message":"Authentication error for email: admin@example.com Invalid email or password","service":"nexus-ecommerce","stack":"Error: Invalid email or password\n    at H:\\My Learning\\Projects\\MERN\\Nexus-ecommerce\\server\\controllers\\userController.js:81:13\n    at process.processTicksAndRejections (node:internal/process/task_queues:105:5)","timestamp":"2025-11-11T18:48:32.821Z"}
{"level":"error","message":"Unhandled error: Invalid email or password","service":"nexus-ecommerce","stack":"Error: Invalid email or password\n    at H:\\My Learning\\Projects\\MERN\\Nexus-ecommerce\\server\\controllers\\userController.js:81:13\n    at process.processTicksAndRejections (node:internal/process/task_queues:105:5)","timestamp":"2025-11-11T18:48:32.823Z"}
{"level":"info","message":"Attempting to authenticate user with email: admin@example.com","service":"nexus-ecommerce","timestamp":"2025-11-11T18:48:51.743Z"}
{"level":"warn","message":"Authentication failed for email: admin@example.com","service":"nexus-ecommerce","timestamp":"2025-11-11T18:48:51.878Z"}
{"level":"error","message":"Authentication error for email: admin@example.com Invalid email or password","service":"nexus-ecommerce","stack":"Error: Invalid email or password\n    at H:\\My Learning\\Projects\\MERN\\Nexus-ecommerce\\server\\controllers\\userController.js:81:13\n    at process.processTicksAndRejections (node:internal/process/task_queues:105:5)","timestamp":"2025-11-11T18:48:51.879Z"}
{"level":"error","message":"Unhandled error: Invalid email or password","service":"nexus-ecommerce","stack":"Error: Invalid email or password\n    at H:\\My Learning\\Projects\\MERN\\Nexus-ecommerce\\server\\controllers\\userController.js:81:13\n    at process.processTicksAndRejections (node:internal/process/task_queues:105:5)","timestamp":"2025-11-11T18:48:51.880Z"}
{"level":"info","message":"Attempting to authenticate user with email: user@example.com","service":"nexus-ecommerce","timestamp":"2025-11-11T18:49:16.711Z"}
{"level":"warn","message":"Authentication failed for email: user@example.com","service":"nexus-ecommerce","timestamp":"2025-11-11T18:49:16.802Z"}
{"level":"error","message":"Authentication error for email: user@example.com Invalid email or password","service":"nexus-ecommerce","stack":"Error: Invalid email or password\n    at H:\\My Learning\\Projects\\MERN\\Nexus-ecommerce\\server\\controllers\\userController.js:81:13\n    at process.processTicksAndRejections (node:internal/process/task_queues:105:5)","timestamp":"2025-11-11T18:49:16.803Z"}
{"level":"error","message":"Unhandled error: Invalid email or password","service":"nexus-ecommerce","stack":"Error: Invalid email or password\n    at H:\\My Learning\\Projects\\MERN\\Nexus-ecommerce\\server\\controllers\\userController.js:81:13\n    at process.processTicksAndRejections (node:internal/process/task_queues:105:5)","timestamp":"2025-11-11T18:49:16.804Z"}
{"level":"info","message":"Attempting to authenticate user with email: admin@example.com","service":"nexus-ecommerce","timestamp":"2025-11-11T18:50:12.788Z"}
{"level":"warn","message":"Authentication failed for email: admin@example.com","service":"nexus-ecommerce","timestamp":"2025-11-11T18:50:12.877Z"}
{"level":"error","message":"Authentication error for email: admin@example.com Invalid email or password","service":"nexus-ecommerce","stack":"Error: Invalid email or password\n    at H:\\My Learning\\Projects\\MERN\\Nexus-ecommerce\\server\\controllers\\userController.js:81:13\n    at process.processTicksAndRejections (node:internal/process/task_queues:105:5)","timestamp":"2025-11-11T18:50:12.878Z"}
{"level":"error","message":"Unhandled error: Invalid email or password","service":"nexus-ecommerce","stack":"Error: Invalid email or password\n    at H:\\My Learning\\Projects\\MERN\\Nexus-ecommerce\\server\\controllers\\userController.js:81:13\n    at process.processTicksAndRejections (node:internal/process/task_queues:105:5)","timestamp":"2025-11-11T18:50:12.879Z"}
{"level":"info","message":"Attempting to authenticate user with email: admin@example.com","service":"nexus-ecommerce","timestamp":"2025-11-11T18:50:54.605Z"}
{"level":"warn","message":"Authentication failed for email: admin@example.com","service":"nexus-ecommerce","timestamp":"2025-11-11T18:50:54.694Z"}
{"level":"error","message":"Authentication error for email: admin@example.com Invalid email or password","service":"nexus-ecommerce","stack":"Error: Invalid email or password\n    at H:\\My Learning\\Projects\\MERN\\Nexus-ecommerce\\server\\controllers\\userController.js:81:13\n    at process.processTicksAndRejections (node:internal/process/task_queues:105:5)","timestamp":"2025-11-11T18:50:54.695Z"}
{"level":"error","message":"Unhandled error: Invalid email or password","service":"nexus-ecommerce","stack":"Error: Invalid email or password\n    at H:\\My Learning\\Projects\\MERN\\Nexus-ecommerce\\server\\controllers\\userController.js:81:13\n    at process.processTicksAndRejections (node:internal/process/task_queues:105:5)","timestamp":"2025-11-11T18:50:54.696Z"}
{"level":"info","message":"Attempting to connect to MongoDB","service":"nexus-ecommerce","timestamp":"2025-11-11T18:54:24.415Z"}
{"level":"info","message":"Environment:","service":"nexus-ecommerce","timestamp":"2025-11-11T18:54:24.422Z"}
{"level":"info","message":"Checking for build directory at:","service":"nexus-ecommerce","timestamp":"2025-11-11T18:54:30.528Z"}
{"level":"info","message":"Build directory found, serving static files","service":"nexus-ecommerce","timestamp":"2025-11-11T18:54:30.529Z"}
{"level":"info","message":"Server running on port 5000","service":"nexus-ecommerce","timestamp":"2025-11-11T18:54:30.541Z"}
{"level":"info","message":"MongoDB Connected: ac-lpuzls0-shard-00-02.vp5ywmd.mongodb.net","service":"nexus-ecommerce","timestamp":"2025-11-11T18:54:32.356Z"}
{"level":"info","message":"Fetching products - page: 1, keyword: none","service":"nexus-ecommerce","timestamp":"2025-11-11T18:56:35.168Z"}
{"level":"info","message":"Successfully fetched 0 products","service":"nexus-ecommerce","timestamp":"2025-11-11T18:56:35.373Z"}
{"level":"info","message":"Fetching products - page: 1, keyword: none","service":"nexus-ecommerce","timestamp":"2025-11-11T18:56:35.386Z"}
{"level":"info","message":"Successfully fetched 0 products","service":"nexus-ecommerce","timestamp":"2025-11-11T18:56:35.554Z"}
{"level":"info","message":"Attempting to connect to MongoDB","service":"nexus-ecommerce","timestamp":"2025-11-12T08:20:25.317Z"}
{"level":"info","message":"Environment:","service":"nexus-ecommerce","timestamp":"2025-11-12T08:20:25.332Z"}
{"level":"info","message":"Checking for build directory at:","service":"nexus-ecommerce","timestamp":"2025-11-12T08:21:03.658Z"}
{"level":"info","message":"Build directory found, serving static files","service":"nexus-ecommerce","timestamp":"2025-11-12T08:21:03.661Z"}
{"level":"info","message":"Server running on port 5000","service":"nexus-ecommerce","timestamp":"2025-11-12T08:21:03.760Z"}
{"level":"error","message":"Error connecting to MongoDB: Could not connect to any servers in your MongoDB Atlas cluster. One common reason is that you're trying to access the database from an IP that isn't whitelisted. Make sure your current IP address is on your Atlas cluster's IP whitelist: https://www.mongodb.com/docs/atlas/security-whitelist/","service":"nexus-ecommerce","timestamp":"2025-11-12T08:21:33.992Z"}
{"level":"info","message":"Attempting to connect to MongoDB","service":"nexus-ecommerce","timestamp":"2025-11-12T08:35:31.259Z"}
{"level":"info","message":"Environment:","service":"nexus-ecommerce","timestamp":"2025-11-12T08:35:31.265Z"}
{"level":"info","message":"Checking for build directory at:","service":"nexus-ecommerce","timestamp":"2025-11-12T08:35:41.180Z"}
{"level":"info","message":"Build directory found, serving static files","service":"nexus-ecommerce","timestamp":"2025-11-12T08:35:41.181Z"}
{"level":"info","message":"Server running on port 5000","service":"nexus-ecommerce","timestamp":"2025-11-12T08:35:41.189Z"}
{"level":"error","message":"Error connecting to MongoDB: Could not connect to any servers in your MongoDB Atlas cluster. One common reason is that you're trying to access the database from an IP that isn't whitelisted. Make sure your current IP address is on your Atlas cluster's IP whitelist: https://www.mongodb.com/docs/atlas/security-whitelist/","service":"nexus-ecommerce","timestamp":"2025-11-12T08:36:11.288Z"}
{"level":"info","message":"Attempting to connect to MongoDB","service":"nexus-ecommerce","timestamp":"2025-11-12T08:39:55.103Z"}
{"level":"info","message":"Environment:","service":"nexus-ecommerce","timestamp":"2025-11-12T08:39:55.112Z"}
{"level":"info","message":"Checking for build directory at:","service":"nexus-ecommerce","timestamp":"2025-11-12T08:39:57.927Z"}
{"level":"info","message":"Build directory found, serving static files","service":"nexus-ecommerce","timestamp":"2025-11-12T08:39:57.928Z"}
{"level":"info","message":"Server running on port 5000","service":"nexus-ecommerce","timestamp":"2025-11-12T08:39:57.937Z"}
{"level":"info","message":"MongoDB Connected: ac-lpuzls0-shard-00-01.vp5ywmd.mongodb.net","service":"nexus-ecommerce","timestamp":"2025-11-12T08:39:58.894Z"}
{"level":"info","message":"Fetching products - page: 1, keyword: none","service":"nexus-ecommerce","timestamp":"2025-11-12T08:40:21.425Z"}
{"level":"info","message":"Successfully fetched 0 products","service":"nexus-ecommerce","timestamp":"2025-11-12T08:40:21.608Z"}
{"level":"info","message":"Fetching products - page: 1, keyword: none","service":"nexus-ecommerce","timestamp":"2025-11-12T08:40:21.719Z"}
{"level":"info","message":"Successfully fetched 0 products","service":"nexus-ecommerce","timestamp":"2025-11-12T08:40:21.889Z"}
{"level":"info","message":"Fetching products - page: 1, keyword: none","service":"nexus-ecommerce","timestamp":"2025-11-12T08:43:22.573Z"}
{"level":"info","message":"Successfully fetched 0 products","service":"nexus-ecommerce","timestamp":"2025-11-12T08:43:22.731Z"}
{"level":"info","message":"Fetching products - page: 1, keyword: none","service":"nexus-ecommerce","timestamp":"2025-11-12T08:43:22.761Z"}
{"level":"info","message":"Successfully fetched 0 products","service":"nexus-ecommerce","timestamp":"2025-11-12T08:43:22.968Z"}
{"level":"info","message":"Fetching products - page: 1, keyword: none","service":"nexus-ecommerce","timestamp":"2025-11-12T08:49:01.916Z"}
{"level":"info","message":"Successfully fetched 0 products","service":"nexus-ecommerce","timestamp":"2025-11-12T08:49:02.072Z"}
{"level":"info","message":"Fetching products - page: 1, keyword: none","service":"nexus-ecommerce","timestamp":"2025-11-12T08:49:02.076Z"}
{"level":"info","message":"Successfully fetched 0 products","service":"nexus-ecommerce","timestamp":"2025-11-12T08:49:02.240Z"}
{"level":"info","message":"Fetching products - page: 1, keyword: none","service":"nexus-ecommerce","timestamp":"2025-11-12T08:49:52.549Z"}
{"level":"info","message":"Successfully fetched 0 products","service":"nexus-ecommerce","timestamp":"2025-11-12T08:49:52.701Z"}
{"level":"info","message":"Fetching products - page: 1, keyword: none","service":"nexus-ecommerce","timestamp":"2025-11-12T08:49:52.709Z"}
{"level":"info","message":"Successfully fetched 0 products","service":"nexus-ecommerce","timestamp":"2025-11-12T08:49:52.860Z"}
{"level":"info","message":"Fetching products - page: 1, keyword: none","service":"nexus-ecommerce","timestamp":"2025-11-12T08:49:55.543Z"}
{"level":"info","message":"Successfully fetched 0 products","service":"nexus-ecommerce","timestamp":"2025-11-12T08:49:55.700Z"}
{"level":"info","message":"Fetching products - page: 1, keyword: none","service":"nexus-ecommerce","timestamp":"2025-11-12T08:49:55.724Z"}
{"level":"info","message":"Successfully fetched 0 products","service":"nexus-ecommerce","timestamp":"2025-11-12T08:49:55.875Z"}
{"level":"info","message":"Fetching products - page: 1, keyword: none","service":"nexus-ecommerce","timestamp":"2025-11-12T08:49:57.020Z"}
{"level":"info","message":"Successfully fetched 0 products","service":"nexus-ecommerce","timestamp":"2025-11-12T08:49:57.177Z"}
{"level":"info","message":"Fetching products - page: 1, keyword: none","service":"nexus-ecommerce","timestamp":"2025-11-12T08:49:57.209Z"}
{"level":"info","message":"Successfully fetched 0 products","service":"nexus-ecommerce","timestamp":"2025-11-12T08:49:57.372Z"}
{"level":"info","message":"Attempting to connect to MongoDB","service":"nexus-ecommerce","timestamp":"2025-11-12T08:57:52.494Z"}
{"level":"info","message":"Environment:","service":"nexus-ecommerce","timestamp":"2025-11-12T08:57:52.500Z"}
{"level":"info","message":"Checking for build directory at:","service":"nexus-ecommerce","timestamp":"2025-11-12T08:57:59.934Z"}
{"level":"info","message":"Build directory found, serving static files","service":"nexus-ecommerce","timestamp":"2025-11-12T08:57:59.936Z"}
{"level":"info","message":"Server running on port 5000","service":"nexus-ecommerce","timestamp":"2025-11-12T08:57:59.956Z"}
{"level":"info","message":"MongoDB Connected: ac-lpuzls0-shard-00-01.vp5ywmd.mongodb.net","service":"nexus-ecommerce","timestamp":"2025-11-12T08:58:00.929Z"}
{"level":"info","message":"Fetching products - page: 1, keyword: none","service":"nexus-ecommerce","timestamp":"2025-11-12T09:00:47.276Z"}
{"level":"info","message":"Successfully fetched 0 products","service":"nexus-ecommerce","timestamp":"2025-11-12T09:00:47.480Z"}
{"level":"info","message":"Fetching products - page: 1, keyword: none","service":"nexus-ecommerce","timestamp":"2025-11-12T09:00:47.534Z"}
{"level":"info","message":"Successfully fetched 0 products","service":"nexus-ecommerce","timestamp":"2025-11-12T09:00:47.719Z"}
{"level":"info","message":"Fetching products - page: 1, keyword: none","service":"nexus-ecommerce","timestamp":"2025-11-12T09:43:00.503Z"}
{"level":"info","message":"Successfully fetched 0 products","service":"nexus-ecommerce","timestamp":"2025-11-12T09:43:01.078Z"}
{"level":"info","message":"Attempting to authenticate user with email: user@example.com","service":"nexus-ecommerce","timestamp":"2025-11-12T14:45:20.913Z"}
{"level":"warn","message":"Authentication failed for email: user@example.com","service":"nexus-ecommerce","timestamp":"2025-11-12T14:45:21.618Z"}
{"level":"error","message":"Authentication error for email: user@example.com Invalid email or password","service":"nexus-ecommerce","stack":"Error: Invalid email or password\n    at H:\\My Learning\\Projects\\MERN\\Nexus-ecommerce\\server\\controllers\\userController.js:81:13\n    at process.processTicksAndRejections (node:internal/process/task_queues:105:5)","timestamp":"2025-11-12T14:45:21.627Z"}
{"level":"error","message":"Unhandled error: Invalid email or password","service":"nexus-ecommerce","stack":"Error: Invalid email or password\n    at H:\\My Learning\\Projects\\MERN\\Nexus-ecommerce\\server\\controllers\\userController.js:81:13\n    at process.processTicksAndRejections (node:internal/process/task_queues:105:5)","timestamp":"2025-11-12T14:45:21.636Z"}
{"level":"info","message":"Attempting to authenticate user with email: admin@example.com","service":"nexus-ecommerce","timestamp":"2025-11-12T14:45:41.598Z"}
{"level":"warn","message":"Authentication failed for email: admin@example.com","service":"nexus-ecommerce","timestamp":"2025-11-12T14:45:41.681Z"}
{"level":"error","message":"Authentication error for email: admin@example.com Invalid email or password","service":"nexus-ecommerce","stack":"Error: Invalid email or password\n    at H:\\My Learning\\Projects\\MERN\\Nexus-ecommerce\\server\\controllers\\userController.js:81:13\n    at process.processTicksAndRejections (node:internal/process/task_queues:105:5)","timestamp":"2025-11-12T14:45:41.683Z"}
{"level":"error","message":"Unhandled error: Invalid email or password","service":"nexus-ecommerce","stack":"Error: Invalid email or password\n    at H:\\My Learning\\Projects\\MERN\\Nexus-ecommerce\\server\\controllers\\userController.js:81:13\n    at process.processTicksAndRejections (node:internal/process/task_queues:105:5)","timestamp":"2025-11-12T14:45:41.687Z"}
{"level":"info","message":"Attempting to authenticate user with email: admin@example.com","service":"nexus-ecommerce","timestamp":"2025-11-12T14:47:08.151Z"}
{"level":"warn","message":"Authentication failed for email: admin@example.com","service":"nexus-ecommerce","timestamp":"2025-11-12T14:47:08.246Z"}
{"level":"error","message":"Authentication error for email: admin@example.com Invalid email or password","service":"nexus-ecommerce","stack":"Error: Invalid email or password\n    at H:\\My Learning\\Projects\\MERN\\Nexus-ecommerce\\server\\controllers\\userController.js:81:13\n    at process.processTicksAndRejections (node:internal/process/task_queues:105:5)","timestamp":"2025-11-12T14:47:08.247Z"}
{"level":"error","message":"Unhandled error: Invalid email or password","service":"nexus-ecommerce","stack":"Error: Invalid email or password\n    at H:\\My Learning\\Projects\\MERN\\Nexus-ecommerce\\server\\controllers\\userController.js:81:13\n    at process.processTicksAndRejections (node:internal/process/task_queues:105:5)","timestamp":"2025-11-12T14:47:08.248Z"}
{"level":"info","message":"Attempting to connect to MongoDB","service":"nexus-ecommerce","timestamp":"2025-11-12T14:47:38.531Z"}
{"level":"info","message":"Environment:","service":"nexus-ecommerce","timestamp":"2025-11-12T14:47:38.544Z"}
{"level":"info","message":"Checking for build directory at:","service":"nexus-ecommerce","timestamp":"2025-11-12T14:47:44.194Z"}
{"level":"info","message":"Build directory found, serving static files","service":"nexus-ecommerce","timestamp":"2025-11-12T14:47:44.196Z"}
{"level":"info","message":"Server running on port 5000","service":"nexus-ecommerce","timestamp":"2025-11-12T14:47:44.214Z"}
{"level":"info","message":"MongoDB Connected: ac-lpuzls0-shard-00-01.vp5ywmd.mongodb.net","service":"nexus-ecommerce","timestamp":"2025-11-12T14:47:45.247Z"}
{"level":"info","message":"Attempting to authenticate user with email: admin@example.com","service":"nexus-ecommerce","timestamp":"2025-11-12T14:49:16.757Z"}
{"level":"warn","message":"Authentication failed for email: admin@example.com","service":"nexus-ecommerce","timestamp":"2025-11-12T14:49:16.863Z"}
{"level":"error","message":"Authentication error for email: admin@example.com Invalid email or password","service":"nexus-ecommerce","stack":"Error: Invalid email or password\n    at H:\\My Learning\\Projects\\MERN\\Nexus-ecommerce\\server\\controllers\\userController.js:81:13\n    at process.processTicksAndRejections (node:internal/process/task_queues:105:5)","timestamp":"2025-11-12T14:49:16.864Z"}
{"level":"error","message":"Unhandled error: Invalid email or password","service":"nexus-ecommerce","stack":"Error: Invalid email or password\n    at H:\\My Learning\\Projects\\MERN\\Nexus-ecommerce\\server\\controllers\\userController.js:81:13\n    at process.processTicksAndRejections (node:internal/process/task_queues:105:5)","timestamp":"2025-11-12T14:49:16.867Z"}
{"level":"info","message":"Attempting to connect to MongoDB","service":"nexus-ecommerce","timestamp":"2025-11-12T14:50:04.107Z"}
{"level":"info","message":"Environment:","service":"nexus-ecommerce","timestamp":"2025-11-12T14:50:04.113Z"}
{"level":"info","message":"Checking for build directory at:","service":"nexus-ecommerce","timestamp":"2025-11-12T14:50:04.675Z"}
{"level":"info","message":"Build directory found, serving static files","service":"nexus-ecommerce","timestamp":"2025-11-12T14:50:04.676Z"}
{"level":"info","message":"Server running on port 5000","service":"nexus-ecommerce","timestamp":"2025-11-12T14:50:04.683Z"}
{"level":"info","message":"MongoDB Connected: ac-lpuzls0-shard-00-02.vp5ywmd.mongodb.net","service":"nexus-ecommerce","timestamp":"2025-11-12T14:50:05.616Z"}
{"level":"info","message":"Attempting to connect to MongoDB","service":"nexus-ecommerce","timestamp":"2025-11-12T14:50:51.506Z"}
{"level":"info","message":"Environment:","service":"nexus-ecommerce","timestamp":"2025-11-12T14:50:51.512Z"}
{"level":"info","message":"Checking for build directory at:","service":"nexus-ecommerce","timestamp":"2025-11-12T14:50:52.083Z"}
{"level":"info","message":"Build directory found, serving static files","service":"nexus-ecommerce","timestamp":"2025-11-12T14:50:52.084Z"}
{"level":"info","message":"Server running on port 5000","service":"nexus-ecommerce","timestamp":"2025-11-12T14:50:52.092Z"}
{"level":"info","message":"MongoDB Connected: ac-lpuzls0-shard-00-01.vp5ywmd.mongodb.net","service":"nexus-ecommerce","timestamp":"2025-11-12T14:50:53.056Z"}
{"level":"info","message":"Attempting to connect to MongoDB","service":"nexus-ecommerce","timestamp":"2025-11-12T14:51:44.300Z"}
{"level":"info","message":"Environment:","service":"nexus-ecommerce","timestamp":"2025-11-12T14:51:44.307Z"}
{"level":"info","message":"Checking for build directory at:","service":"nexus-ecommerce","timestamp":"2025-11-12T14:51:44.910Z"}
{"level":"info","message":"Build directory found, serving static files","service":"nexus-ecommerce","timestamp":"2025-11-12T14:51:44.911Z"}
{"level":"info","message":"Server running on port 5000","service":"nexus-ecommerce","timestamp":"2025-11-12T14:51:44.921Z"}
{"level":"info","message":"MongoDB Connected: ac-lpuzls0-shard-00-01.vp5ywmd.mongodb.net","service":"nexus-ecommerce","timestamp":"2025-11-12T14:51:45.808Z"}
{"level":"info","message":"Attempting to connect to MongoDB","service":"nexus-ecommerce","timestamp":"2025-11-12T14:52:15.339Z"}
{"level":"info","message":"Environment:","service":"nexus-ecommerce","timestamp":"2025-11-12T14:52:15.345Z"}
{"level":"info","message":"Checking for build directory at:","service":"nexus-ecommerce","timestamp":"2025-11-12T14:52:15.926Z"}
{"level":"info","message":"Build directory found, serving static files","service":"nexus-ecommerce","timestamp":"2025-11-12T14:52:15.927Z"}
{"level":"info","message":"Server running on port 5000","service":"nexus-ecommerce","timestamp":"2025-11-12T14:52:15.934Z"}
{"level":"info","message":"MongoDB Connected: ac-lpuzls0-shard-00-01.vp5ywmd.mongodb.net","service":"nexus-ecommerce","timestamp":"2025-11-12T14:52:16.829Z"}
{"level":"info","message":"Attempting to connect to MongoDB","service":"nexus-ecommerce","timestamp":"2025-11-12T14:53:47.969Z"}
{"level":"info","message":"Environment:","service":"nexus-ecommerce","timestamp":"2025-11-12T14:53:47.976Z"}
{"level":"info","message":"Checking for build directory at:","service":"nexus-ecommerce","timestamp":"2025-11-12T14:53:48.548Z"}
{"level":"info","message":"Build directory found, serving static files","service":"nexus-ecommerce","timestamp":"2025-11-12T14:53:48.549Z"}
{"level":"info","message":"Server running on port 5000","service":"nexus-ecommerce","timestamp":"2025-11-12T14:53:48.555Z"}
{"level":"info","message":"MongoDB Connected: ac-lpuzls0-shard-00-02.vp5ywmd.mongodb.net","service":"nexus-ecommerce","timestamp":"2025-11-12T14:53:49.468Z"}
{"level":"info","message":"Attempting to authenticate user with email: admin@example.com","service":"nexus-ecommerce","timestamp":"2025-11-12T14:53:59.524Z"}
{"level":"warn","message":"Authentication failed for email: admin@example.com","service":"nexus-ecommerce","timestamp":"2025-11-12T14:53:59.635Z"}
{"level":"error","message":"Authentication error for email: admin@example.com Invalid email or password","service":"nexus-ecommerce","stack":"Error: Invalid email or password\n    at H:\\My Learning\\Projects\\MERN\\Nexus-ecommerce\\server\\controllers\\userController.js:81:13\n    at process.processTicksAndRejections (node:internal/process/task_queues:105:5)","timestamp":"2025-11-12T14:53:59.637Z"}
{"level":"error","message":"Unhandled error: Invalid email or password","service":"nexus-ecommerce","stack":"Error: Invalid email or password\n    at H:\\My Learning\\Projects\\MERN\\Nexus-ecommerce\\server\\controllers\\userController.js:81:13\n    at process.processTicksAndRejections (node:internal/process/task_queues:105:5)","timestamp":"2025-11-12T14:53:59.640Z"}
{"level":"info","message":"Attempting to connect to MongoDB","service":"nexus-ecommerce","timestamp":"2025-11-12T14:54:07.328Z"}
{"level":"info","message":"Environment:","service":"nexus-ecommerce","timestamp":"2025-11-12T14:54:07.347Z"}
{"level":"info","message":"Checking for build directory at:","service":"nexus-ecommerce","timestamp":"2025-11-12T14:54:08.078Z"}
{"level":"info","message":"Build directory found, serving static files","service":"nexus-ecommerce","timestamp":"2025-11-12T14:54:08.079Z"}
{"level":"info","message":"Server running on port 5000","service":"nexus-ecommerce","timestamp":"2025-11-12T14:54:08.085Z"}
{"level":"info","message":"MongoDB Connected: ac-lpuzls0-shard-00-01.vp5ywmd.mongodb.net","service":"nexus-ecommerce","timestamp":"2025-11-12T14:54:08.968Z"}
{"level":"info","message":"Attempting to register user with email: admin@example.com","service":"nexus-ecommerce","timestamp":"2025-11-12T14:54:46.945Z"}
{"level":"info","message":"Creating new user with email: admin@example.com","service":"nexus-ecommerce","timestamp":"2025-11-12T14:54:47.061Z"}
{"level":"info","message":"Successfully registered user with email: admin@example.com","service":"nexus-ecommerce","timestamp":"2025-11-12T14:54:47.423Z"}
{"level":"info","message":"Generating token for user ID:","service":"nexus-ecommerce","timestamp":"2025-11-12T14:54:47.426Z"}
{"level":"info","message":"Token generated successfully","service":"nexus-ecommerce","timestamp":"2025-11-12T14:54:47.434Z"}
{"level":"info","message":"Generated token for user admin@example.com","service":"nexus-ecommerce","timestamp":"2025-11-12T14:54:47.435Z"}
{"level":"info","message":"Fetching products - page: 1, keyword: none","service":"nexus-ecommerce","timestamp":"2025-11-12T14:54:47.658Z"}
{"level":"info","message":"Successfully fetched 0 products","service":"nexus-ecommerce","timestamp":"2025-11-12T14:54:47.851Z"}
{"level":"info","message":"Fetching products - page: 1, keyword: none","service":"nexus-ecommerce","timestamp":"2025-11-12T14:57:13.028Z"}
{"level":"info","message":"Successfully fetched 0 products","service":"nexus-ecommerce","timestamp":"2025-11-12T14:57:13.210Z"}
{"level":"info","message":"Attempting to authenticate user with email: admin@example.com","service":"nexus-ecommerce","timestamp":"2025-11-12T15:03:08.769Z"}
{"level":"warn","message":"Authentication failed for email: admin@example.com","service":"nexus-ecommerce","timestamp":"2025-11-12T15:03:08.872Z"}
{"level":"error","message":"Authentication error for email: admin@example.com Invalid email or password","service":"nexus-ecommerce","stack":"Error: Invalid email or password\n    at H:\\My Learning\\Projects\\MERN\\Nexus-ecommerce\\server\\controllers\\userController.js:81:13\n    at process.processTicksAndRejections (node:internal/process/task_queues:105:5)","timestamp":"2025-11-12T15:03:08.873Z"}
{"level":"error","message":"Unhandled error: Invalid email or password","service":"nexus-ecommerce","stack":"Error: Invalid email or password\n    at H:\\My Learning\\Projects\\MERN\\Nexus-ecommerce\\server\\controllers\\userController.js:81:13\n    at process.processTicksAndRejections (node:internal/process/task_queues:105:5)","timestamp":"2025-11-12T15:03:08.876Z"}
{"level":"info","message":"Attempting to register user with email: soumyamajumder201817@gmail.com","service":"nexus-ecommerce","timestamp":"2025-11-12T15:03:43.543Z"}
{"level":"info","message":"Creating new user with email: soumyamajumder201817@gmail.com","service":"nexus-ecommerce","timestamp":"2025-11-12T15:03:43.628Z"}
{"level":"info","message":"Successfully registered user with email: soumyamajumder201817@gmail.com","service":"nexus-ecommerce","timestamp":"2025-11-12T15:03:43.971Z"}
{"level":"info","message":"Generating token for user ID:","service":"nexus-ecommerce","timestamp":"2025-11-12T15:03:43.972Z"}
{"level":"info","message":"Token generated successfully","service":"nexus-ecommerce","timestamp":"2025-11-12T15:03:43.975Z"}
{"level":"info","message":"Generated token for user soumyamajumder201817@gmail.com","service":"nexus-ecommerce","timestamp":"2025-11-12T15:03:43.976Z"}
{"level":"info","message":"Fetching products - page: 1, keyword: none","service":"nexus-ecommerce","timestamp":"2025-11-12T15:03:44.133Z"}
{"level":"info","message":"Successfully fetched 0 products","service":"nexus-ecommerce","timestamp":"2025-11-12T15:03:44.310Z"}
