{"level":"info","message":"=== CREATE TEST USER ===","service":"nexus-ecommerce","timestamp":"2025-11-23T09:56:45.212Z"}
{"level":"info","message":"Environment variables check:","service":"nexus-ecommerce","timestamp":"2025-11-23T09:56:45.427Z"}
{"level":"info","message":"- NODE_ENV:","service":"nexus-ecommerce","timestamp":"2025-11-23T09:56:45.434Z"}
{"level":"info","message":"- MONGO_URI present:","service":"nexus-ecommerce","timestamp":"2025-11-23T09:56:45.436Z"}
{"level":"info","message":"Connecting to database...","service":"nexus-ecommerce","timestamp":"2025-11-23T09:56:45.438Z"}
{"level":"info","message":"Attempting to connect to MongoDB","service":"nexus-ecommerce","timestamp":"2025-11-23T09:56:45.441Z"}
{"level":"info","message":"Environment:","service":"nexus-ecommerce","timestamp":"2025-11-23T09:56:45.442Z"}
{"level":"info","message":"MongoURI present:","service":"nexus-ecommerce","timestamp":"2025-11-23T09:56:45.443Z"}
{"level":"info","message":"MongoURI structure:","service":"nexus-ecommerce","timestamp":"2025-11-23T09:56:45.446Z"}
{"level":"info","message":"MongoDB Connected: localhost","service":"nexus-ecommerce","timestamp":"2025-11-23T09:56:45.824Z"}
{"level":"info","message":"MongoDB Database Name: ecommerce","service":"nexus-ecommerce","timestamp":"2025-11-23T09:56:45.825Z"}
{"level":"info","message":"Database connected successfully","service":"nexus-ecommerce","timestamp":"2025-11-23T09:56:45.825Z"}
{"level":"info","message":"Test user already exists:","service":"nexus-ecommerce","timestamp":"2025-11-23T09:56:46.552Z"}
{"level":"warn","message":"Mongoose disconnected","service":"nexus-ecommerce","timestamp":"2025-11-23T09:56:46.573Z"}
{"level":"info","message":"Attempting to reconnect to MongoDB in 5 seconds...","service":"nexus-ecommerce","timestamp":"2025-11-23T09:56:46.574Z"}
{"level":"info","message":"Database connection closed","service":"nexus-ecommerce","timestamp":"2025-11-23T09:56:46.575Z"}
{"level":"info","message":"Attempting to connect to MongoDB","service":"nexus-ecommerce","timestamp":"2025-11-23T09:56:51.580Z"}
{"level":"info","message":"Environment:","service":"nexus-ecommerce","timestamp":"2025-11-23T09:56:51.581Z"}
{"level":"info","message":"MongoURI present:","service":"nexus-ecommerce","timestamp":"2025-11-23T09:56:51.582Z"}
{"level":"info","message":"MongoURI structure:","service":"nexus-ecommerce","timestamp":"2025-11-23T09:56:51.583Z"}
{"level":"info","message":"MongoDB Connected: localhost","service":"nexus-ecommerce","timestamp":"2025-11-23T09:56:51.599Z"}
{"level":"info","message":"MongoDB Database Name: ecommerce","service":"nexus-ecommerce","timestamp":"2025-11-23T09:56:51.600Z"}
{"level":"info","message":"Environment variables after dotenv load:","service":"nexus-ecommerce","timestamp":"2025-11-23T10:05:13.604Z"}
{"level":"info","message":"- NODE_ENV:","service":"nexus-ecommerce","timestamp":"2025-11-23T10:05:13.610Z"}
{"level":"info","message":"- MONGO_URI:","service":"nexus-ecommerce","timestamp":"2025-11-23T10:05:13.612Z"}
{"level":"info","message":"- DEV_MONGO_URI:","service":"nexus-ecommerce","timestamp":"2025-11-23T10:05:13.612Z"}
{"level":"info","message":"=== USER LISTING ===","service":"nexus-ecommerce","timestamp":"2025-11-23T10:05:13.617Z"}
{"level":"info","message":"Environment variables check:","service":"nexus-ecommerce","timestamp":"2025-11-23T10:05:13.618Z"}
{"level":"info","message":"- NODE_ENV:","service":"nexus-ecommerce","timestamp":"2025-11-23T10:05:13.619Z"}
{"level":"info","message":"- MONGO_URI present:","service":"nexus-ecommerce","timestamp":"2025-11-23T10:05:13.620Z"}
{"level":"info","message":"Connecting to database...","service":"nexus-ecommerce","timestamp":"2025-11-23T10:05:13.623Z"}
{"level":"info","message":"Attempting to connect to MongoDB","service":"nexus-ecommerce","timestamp":"2025-11-23T10:05:13.626Z"}
{"level":"info","message":"Environment:","service":"nexus-ecommerce","timestamp":"2025-11-23T10:05:13.627Z"}
{"level":"info","message":"MongoURI present:","service":"nexus-ecommerce","timestamp":"2025-11-23T10:05:13.627Z"}
{"level":"info","message":"MongoURI structure:","service":"nexus-ecommerce","timestamp":"2025-11-23T10:05:13.647Z"}
{"level":"error","message":"Error connecting to MongoDB: querySrv ECONNREFUSED _mongodb._tcp.nexusecommerceapi.vp5ywmd.mongodb.net","service":"nexus-ecommerce","timestamp":"2025-11-23T10:05:13.750Z"}
